[2025-12-12 17:13:17] ERROR: Connection failed to ipadrgb: Unknown database 'ipadrgb'
[2025-12-12 17:13:17] ERROR: Attempted to call undefined method or connection: ipadrbg
[2025-12-12 17:13:38] ERROR: Connection failed to ipadrgb: Unknown database 'ipadrgb'
[2025-12-12 17:13:38] ERROR: Attempted to call undefined method or connection: ipadrbg
[2025-12-12 17:13:42] ERROR: Connection failed to ipadrgb: Unknown database 'ipadrgb'
[2025-12-12 17:13:42] ERROR: Attempted to call undefined method or connection: ipadrbg
[2025-12-13 08:59:37] ERROR: Connection failed to ipadrgb: Unknown database 'ipadrgb'
[2025-12-13 08:59:37] ERROR: Attempted to call undefined method or connection: ipadrbg
[2025-12-13 09:04:26] ERROR: Connection failed to ipadrgb: Unknown database 'ipadrgb'
[2025-12-13 09:04:26] ERROR: Attempted to call undefined method or connection: ipadrbg
[2025-12-13 09:05:01] ERROR: Connection failed to ipadrgb: Unknown database 'ipadrgb'
[2025-12-13 09:05:01] ERROR: No connection found for 'ipadrbg'
[2025-12-13 09:06:23] ERROR: Connection failed to ipadrgb: Unknown database 'ipadrgb'
[2025-12-13 09:06:23] ERROR: Attempted to call undefined method or connection: ipadrbg
[2025-12-19 10:07:01] ERROR: Connection failed to ipadrbg: Unknown database 'ipadrbg'
[2025-12-19 10:07:01] ERROR: Connection failed to wgcentralsupply: Unknown database 'wgcentralsupply'
[2026-01-03 13:57:03] ERROR: Connection failed to wgcentralsupply: Unknown database 'wgcentralsupply'
[2026-01-03 13:57:03] ERROR: Connection failed to wgfinance: Unknown database 'wgfinance'
[2026-01-03 13:58:03] ERROR: Connection failed to ipadrbg: Unknown database 'ipadrbg'
[2026-01-03 13:58:03] ERROR: Connection failed to wgcentralsupply: Unknown database 'wgcentralsupply'
[2026-01-03 13:58:03] ERROR: Connection failed to wgfinance: Unknown database 'wgfinance'
[2026-01-03 13:59:03] ERROR: Connection failed to ipadrbg: Unknown database 'ipadrbg'
[2026-01-03 13:59:03] ERROR: Connection failed to wgcentralsupply: Unknown database 'wgcentralsupply'
[2026-01-03 13:59:03] ERROR: Connection failed to wgfinance: Unknown database 'wgfinance'
[2026-01-03 14:00:03] ERROR: Connection failed to ipadrbg: Unknown database 'ipadrbg'
[2026-01-03 14:00:03] ERROR: Connection failed to wgcentralsupply: Unknown database 'wgcentralsupply'
[2026-01-03 14:00:03] ERROR: Connection failed to wgfinance: Unknown database 'wgfinance'
[2026-01-03 14:01:03] ERROR: Connection failed to ipadrbg: Unknown database 'ipadrbg'
[2026-01-03 14:01:03] ERROR: Connection failed to wgcentralsupply: Unknown database 'wgcentralsupply'
[2026-01-03 14:01:03] ERROR: Connection failed to wgfinance: Unknown database 'wgfinance'
[2026-01-03 14:02:03] ERROR: Connection failed to ipadrbg: Unknown database 'ipadrbg'
[2026-01-03 14:02:03] ERROR: Connection failed to wgcentralsupply: Unknown database 'wgcentralsupply'
[2026-01-03 14:02:03] ERROR: Connection failed to wgfinance: Unknown database 'wgfinance'
[2026-01-03 14:03:03] ERROR: Connection failed to ipadrbg: Unknown database 'ipadrbg'
[2026-01-03 14:03:03] ERROR: Connection failed to wgcentralsupply: Unknown database 'wgcentralsupply'
[2026-01-03 14:03:03] ERROR: Connection failed to wgfinance: Unknown database 'wgfinance'
[2026-01-03 14:04:03] ERROR: Connection failed to ipadrbg: Unknown database 'ipadrbg'
[2026-01-03 14:04:03] ERROR: Connection failed to wgcentralsupply: Unknown database 'wgcentralsupply'
[2026-01-03 14:04:03] ERROR: Connection failed to wgfinance: Unknown database 'wgfinance'
[2026-01-03 14:05:03] ERROR: Connection failed to ipadrbg: Unknown database 'ipadrbg'
[2026-01-03 14:05:03] ERROR: Connection failed to wgcentralsupply: Unknown database 'wgcentralsupply'
[2026-01-03 14:05:03] ERROR: Connection failed to wgfinance: Unknown database 'wgfinance'
[2026-01-03 14:06:03] ERROR: Connection failed to ipadrbg: Unknown database 'ipadrbg'
[2026-01-03 14:06:03] ERROR: Connection failed to wgcentralsupply: Unknown database 'wgcentralsupply'
[2026-01-03 14:06:03] ERROR: Connection failed to wgfinance: Unknown database 'wgfinance'
[2026-01-03 14:07:03] ERROR: Connection failed to ipadrbg: Unknown database 'ipadrbg'
[2026-01-03 14:07:03] ERROR: Connection failed to wgcentralsupply: Unknown database 'wgcentralsupply'
[2026-01-03 14:07:03] ERROR: Connection failed to wgfinance: Unknown database 'wgfinance'
[2026-01-03 14:08:03] ERROR: Connection failed to ipadrbg: Unknown database 'ipadrbg'
[2026-01-03 14:08:03] ERROR: Connection failed to wgcentralsupply: Unknown database 'wgcentralsupply'
[2026-01-03 14:08:03] ERROR: Connection failed to wgfinance: Unknown database 'wgfinance'
[2026-01-03 14:09:03] ERROR: Connection failed to ipadrbg: Unknown database 'ipadrbg'
[2026-01-03 14:09:03] ERROR: Connection failed to wgcentralsupply: Unknown database 'wgcentralsupply'
[2026-01-03 14:09:03] ERROR: Connection failed to wgfinance: Unknown database 'wgfinance'
[2026-01-03 14:10:03] ERROR: Connection failed to ipadrbg: Unknown database 'ipadrbg'
[2026-01-03 14:10:03] ERROR: Connection failed to wgcentralsupply: Unknown database 'wgcentralsupply'
[2026-01-03 14:10:03] ERROR: Connection failed to wgfinance: Unknown database 'wgfinance'
[2026-01-03 14:11:03] ERROR: Connection failed to ipadrbg: Unknown database 'ipadrbg'
[2026-01-03 14:11:03] ERROR: Connection failed to wgcentralsupply: Unknown database 'wgcentralsupply'
[2026-01-03 14:11:03] ERROR: Connection failed to wgfinance: Unknown database 'wgfinance'
[2026-01-03 14:12:03] ERROR: Connection failed to ipadrbg: Unknown database 'ipadrbg'
[2026-01-03 14:12:03] ERROR: Connection failed to wgcentralsupply: Unknown database 'wgcentralsupply'
[2026-01-03 14:12:03] ERROR: Connection failed to wgfinance: Unknown database 'wgfinance'
[2026-01-03 14:13:03] ERROR: Connection failed to ipadrbg: Unknown database 'ipadrbg'
[2026-01-03 14:13:03] ERROR: Connection failed to wgcentralsupply: Unknown database 'wgcentralsupply'
[2026-01-03 14:13:03] ERROR: Connection failed to wgfinance: Unknown database 'wgfinance'
[2026-01-03 14:14:03] ERROR: Connection failed to ipadrbg: Unknown database 'ipadrbg'
[2026-01-03 14:14:03] ERROR: Connection failed to wgcentralsupply: Unknown database 'wgcentralsupply'
[2026-01-03 14:14:03] ERROR: Connection failed to wgfinance: Unknown database 'wgfinance'
[2026-01-03 14:15:03] ERROR: Connection failed to ipadrbg: Unknown database 'ipadrbg'
[2026-01-03 14:15:03] ERROR: Connection failed to wgcentralsupply: Unknown database 'wgcentralsupply'
[2026-01-03 14:15:03] ERROR: Connection failed to wgfinance: Unknown database 'wgfinance'
[2026-01-03 14:16:03] ERROR: Connection failed to ipadrbg: Unknown database 'ipadrbg'
[2026-01-03 14:16:03] ERROR: Connection failed to wgcentralsupply: Unknown database 'wgcentralsupply'
[2026-01-03 14:16:03] ERROR: Connection failed to wgfinance: Unknown database 'wgfinance'
[2026-01-03 14:17:03] ERROR: Connection failed to ipadrbg: Unknown database 'ipadrbg'
[2026-01-03 14:17:03] ERROR: Connection failed to wgcentralsupply: Unknown database 'wgcentralsupply'
[2026-01-03 14:17:03] ERROR: Connection failed to wgfinance: Unknown database 'wgfinance'
[2026-01-03 14:18:03] ERROR: Connection failed to ipadrbg: Unknown database 'ipadrbg'
[2026-01-03 14:18:03] ERROR: Connection failed to wgcentralsupply: Unknown database 'wgcentralsupply'
[2026-01-03 14:18:03] ERROR: Connection failed to wgfinance: Unknown database 'wgfinance'
[2026-01-03 14:19:03] ERROR: Connection failed to ipadrbg: Unknown database 'ipadrbg'
[2026-01-03 14:19:03] ERROR: Connection failed to wgcentralsupply: Unknown database 'wgcentralsupply'
[2026-01-03 14:19:03] ERROR: Connection failed to wgfinance: Unknown database 'wgfinance'
[2026-01-03 14:20:03] ERROR: Connection failed to ipadrbg: Unknown database 'ipadrbg'
[2026-01-03 14:20:03] ERROR: Connection failed to wgcentralsupply: Unknown database 'wgcentralsupply'
[2026-01-03 14:20:03] ERROR: Connection failed to wgfinance: Unknown database 'wgfinance'
[2026-01-03 14:21:03] ERROR: Connection failed to ipadrbg: Unknown database 'ipadrbg'
[2026-01-03 14:21:03] ERROR: Connection failed to wgcentralsupply: Unknown database 'wgcentralsupply'
[2026-01-03 14:21:03] ERROR: Connection failed to wgfinance: Unknown database 'wgfinance'
[2026-01-03 14:22:03] ERROR: Connection failed to ipadrbg: Unknown database 'ipadrbg'
[2026-01-03 14:22:03] ERROR: Connection failed to wgcentralsupply: Unknown database 'wgcentralsupply'
[2026-01-03 14:22:03] ERROR: Connection failed to wgfinance: Unknown database 'wgfinance'
[2026-01-03 14:23:03] ERROR: Connection failed to ipadrbg: Unknown database 'ipadrbg'
[2026-01-03 14:23:03] ERROR: Connection failed to wgcentralsupply: Unknown database 'wgcentralsupply'
[2026-01-03 14:23:03] ERROR: Connection failed to wgfinance: Unknown database 'wgfinance'
[2026-01-03 14:24:03] ERROR: Connection failed to ipadrbg: Unknown database 'ipadrbg'
[2026-01-03 14:24:03] ERROR: Connection failed to wgcentralsupply: Unknown database 'wgcentralsupply'
[2026-01-03 14:24:03] ERROR: Connection failed to wgfinance: Unknown database 'wgfinance'
[2026-01-03 14:25:03] ERROR: Connection failed to ipadrbg: Unknown database 'ipadrbg'
[2026-01-03 14:25:03] ERROR: Connection failed to wgcentralsupply: Unknown database 'wgcentralsupply'
[2026-01-03 14:25:03] ERROR: Connection failed to wgfinance: Unknown database 'wgfinance'
[2026-01-03 14:26:03] ERROR: Connection failed to ipadrbg: Unknown database 'ipadrbg'
[2026-01-03 14:26:03] ERROR: Connection failed to wgcentralsupply: Unknown database 'wgcentralsupply'
[2026-01-03 14:26:03] ERROR: Connection failed to wgfinance: Unknown database 'wgfinance'
[2026-01-03 14:27:03] ERROR: Connection failed to ipadrbg: Unknown database 'ipadrbg'
[2026-01-03 14:27:03] ERROR: Connection failed to wgcentralsupply: Unknown database 'wgcentralsupply'
[2026-01-03 14:27:03] ERROR: Connection failed to wgfinance: Unknown database 'wgfinance'
[2026-01-03 14:28:03] ERROR: Connection failed to ipadrbg: Unknown database 'ipadrbg'
[2026-01-03 14:28:03] ERROR: Connection failed to wgcentralsupply: Unknown database 'wgcentralsupply'
[2026-01-03 14:28:03] ERROR: Connection failed to wgfinance: Unknown database 'wgfinance'
[2026-01-03 14:29:03] ERROR: Connection failed to ipadrbg: Unknown database 'ipadrbg'
[2026-01-03 14:29:03] ERROR: Connection failed to wgcentralsupply: Unknown database 'wgcentralsupply'
[2026-01-03 14:29:03] ERROR: Connection failed to wgfinance: Unknown database 'wgfinance'
[2026-01-03 14:30:03] ERROR: Connection failed to ipadrbg: Unknown database 'ipadrbg'
[2026-01-03 14:30:03] ERROR: Connection failed to wgcentralsupply: Unknown database 'wgcentralsupply'
[2026-01-03 14:30:03] ERROR: Connection failed to wgfinance: Unknown database 'wgfinance'
[2026-01-03 14:31:03] ERROR: Connection failed to ipadrbg: Unknown database 'ipadrbg'
[2026-01-03 14:31:03] ERROR: Connection failed to wgcentralsupply: Unknown database 'wgcentralsupply'
[2026-01-03 14:31:03] ERROR: Connection failed to wgfinance: Unknown database 'wgfinance'
[2026-01-03 14:32:03] ERROR: Connection failed to wgcentralsupply: Unknown database 'wgcentralsupply'
[2026-01-03 14:32:03] ERROR: Connection failed to wgfinance: Unknown database 'wgfinance'
